2025-10-13 17:56:31,422 - aiogram.dispatcher - INFO - Start polling
2025-10-13 17:56:31,699 - aiogram.dispatcher - INFO - Run polling for bot @bobssex_bot id=7695418905 - 'bob'
2025-10-13 17:56:35,448 - aiogram.event - INFO - Update id=965431011 is handled. Duration 554 ms by bot id=7695418905
2025-10-13 17:56:43,645 - aiogram.dispatcher - INFO - Polling stopped
2025-10-13 17:56:43,648 - aiogram.dispatcher - ERROR - Failed to fetch updates - TelegramNetworkError: HTTP Client says - ServerDisconnectedError: Server disconnected
2025-10-13 17:56:43,649 - aiogram.dispatcher - WARNING - Sleep for 1.000000 seconds and try again... (tryings = 0, bot id = 7695418905)
2025-10-13 17:56:43,903 - aiogram.dispatcher - INFO - Polling stopped for bot @bobssex_bot id=7695418905 - 'bob'
2025-10-13 17:57:14,586 - aiogram.dispatcher - INFO - Start polling
2025-10-13 17:57:14,774 - aiogram.dispatcher - INFO - Run polling for bot @bobssex_bot id=7695418905 - 'bob'
2025-10-13 17:57:15,442 - aiogram.event - INFO - Update id=965431012 is handled. Duration 600 ms by bot id=7695418905
2025-10-13 17:57:23,016 - aiogram.dispatcher - INFO - Polling stopped
2025-10-13 17:57:23,018 - aiogram.dispatcher - ERROR - Failed to fetch updates - TelegramNetworkError: HTTP Client says - ServerDisconnectedError: Server disconnected
2025-10-13 17:57:23,019 - aiogram.dispatcher - WARNING - Sleep for 1.000000 seconds and try again... (tryings = 0, bot id = 7695418905)
2025-10-13 17:57:23,270 - aiogram.dispatcher - INFO - Polling stopped for bot @bobssex_bot id=7695418905 - 'bob'
2025-10-13 18:00:54,680 - aiogram.dispatcher - INFO - Start polling
2025-10-13 18:00:54,907 - aiogram.dispatcher - INFO - Run polling for bot @bobssex_bot id=7695418905 - 'bob'
2025-10-13 18:00:55,510 - aiogram.event - INFO - Update id=965431013 is handled. Duration 522 ms by bot id=7695418905
2025-10-13 18:01:03,197 - src.bot.services.questionnaire - INFO - Обработка имени: max
2025-10-13 18:01:03,341 - aiogram.event - INFO - Update id=965431014 is handled. Duration 146 ms by bot id=7695418905
2025-10-13 18:01:07,644 - src.bot.services.questionnaire - INFO - Обработка возраста: f
2025-10-13 18:01:07,645 - src.bot.services.questionnaire - WARNING - Нечисловой возраст: f
2025-10-13 18:01:07,825 - aiogram.event - INFO - Update id=965431015 is handled. Duration 182 ms by bot id=7695418905
2025-10-13 18:01:14,816 - src.bot.services.questionnaire - INFO - Обработка возраста: 16
2025-10-13 18:01:14,947 - aiogram.event - INFO - Update id=965431016 is handled. Duration 132 ms by bot id=7695418905
2025-10-13 18:01:17,521 - aiogram.event - INFO - Update id=965431017 is handled. Duration 280 ms by bot id=7695418905
2025-10-13 18:01:22,073 - src.bot.services.questionnaire - INFO - Обработка города: Пенза
2025-10-13 18:01:22,238 - aiogram.event - INFO - Update id=965431018 is handled. Duration 165 ms by bot id=7695418905
2025-10-13 18:01:28,548 - src.bot.services.questionnaire - INFO - Завершение опроса для пользователя 8091029445
2025-10-13 18:01:28,568 - src.bot.services.questionnaire - INFO - Опрос завершен для пользователя 8091029445
2025-10-13 18:01:28,766 - aiogram.event - INFO - Update id=965431019 is handled. Duration 221 ms by bot id=7695418905
2025-10-13 18:10:36,283 - aiogram.dispatcher - INFO - Polling stopped
2025-10-13 18:10:36,286 - aiogram.dispatcher - ERROR - Failed to fetch updates - TelegramNetworkError: HTTP Client says - ServerDisconnectedError: Server disconnected
2025-10-13 18:10:36,288 - aiogram.dispatcher - WARNING - Sleep for 1.000000 seconds and try again... (tryings = 0, bot id = 7695418905)
2025-10-13 18:10:36,550 - aiogram.dispatcher - INFO - Polling stopped for bot @bobssex_bot id=7695418905 - 'bob'
2025-10-13 18:19:16,105 - aiogram.dispatcher - INFO - Start polling
2025-10-13 18:19:16,294 - aiogram.dispatcher - INFO - Run polling for bot @bobssex_bot id=7695418905 - 'bob'
2025-10-13 18:19:20,238 - aiogram.event - INFO - Update id=965431020 is handled. Duration 552 ms by bot id=7695418905
2025-10-13 18:19:24,050 - src.bot.services.questionnaire - INFO - Обработка имени: ая
2025-10-13 18:19:24,234 - aiogram.event - INFO - Update id=965431021 is handled. Duration 184 ms by bot id=7695418905
2025-10-13 18:19:32,870 - src.bot.services.questionnaire - INFO - Обработка возраста: 20
2025-10-13 18:19:32,954 - aiogram.event - INFO - Update id=965431022 is handled. Duration 85 ms by bot id=7695418905
2025-10-13 18:19:41,515 - aiogram.event - INFO - Update id=965431023 is handled. Duration 115 ms by bot id=7695418905
2025-10-13 18:19:45,829 - src.bot.services.questionnaire - INFO - Обработка города: хз
2025-10-13 18:19:46,014 - aiogram.event - INFO - Update id=965431024 is handled. Duration 187 ms by bot id=7695418905
2025-10-13 18:19:58,456 - src.bot.services.questionnaire - INFO - Завершение опроса для пользователя 1697354699
2025-10-13 18:19:58,469 - src.bot.services.questionnaire - INFO - Опрос завершен для пользователя 1697354699
2025-10-13 18:19:58,671 - aiogram.event - INFO - Update id=965431025 is handled. Duration 216 ms by bot id=7695418905
2025-10-13 18:22:13,946 - aiogram.dispatcher - INFO - Polling stopped
2025-10-13 18:22:13,948 - aiogram.dispatcher - ERROR - Failed to fetch updates - TelegramNetworkError: HTTP Client says - ServerDisconnectedError: Server disconnected
2025-10-13 18:22:13,948 - aiogram.dispatcher - WARNING - Sleep for 1.000000 seconds and try again... (tryings = 0, bot id = 7695418905)
2025-10-13 18:22:14,208 - aiogram.dispatcher - INFO - Polling stopped for bot @bobssex_bot id=7695418905 - 'bob'
